Build started 7/15/2013 5:37:50 PM.
     1>Project "C:\Users\lado\documents\visual studio 2010\Projects\AGSMultiplayer\AGSMultiplayer\AGSMultiplayer.vcxproj" on node 2 (build target(s)).
     1>InitializeBuildStatus:
         Touching "Debug\AGSMultiplayer.unsuccessfulbuild".
       GenerateTargetFrameworkMonikerAttribute:
       Skipping target "GenerateTargetFrameworkMonikerAttribute" because all output files are up-to-date with respect to the input files.
       ClCompile:
         All outputs are up-to-date.
         c:\Program Files (x86)\Microsoft Visual Studio 10.0\VC\bin\CL.exe /c /I"C:\Users\lado\Documents\Visual Studio 2010\SFML-2.0\include\\" /AI"C:\Program Files (x86)\Reference Assemblies\Microsoft\Framework\.NETFramework\v4.0" /Zi /clr /nologo /W3 /WX- /Od /Oy- /D SFML_STATIC /D WIN32 /D _DEBUG /D _WINDLL /D _UNICODE /D UNICODE /EHa /MDd /GS /fp:precise /Zc:wchar_t /Zc:forScope /Yu"StdAfx.h" /Fp"Debug\AGSMultiplayer.pch" /Fo"Debug\\" /Fd"Debug\vc100.pdb" /TP /FU"C:\Program Files (x86)\Reference Assemblies\Microsoft\Framework\.NETFramework\v4.0\System.Core.dll" /FU"C:\Program Files (x86)\Reference Assemblies\Microsoft\Framework\.NETFramework\v4.0\System.Data.dll" /FU"C:\Program Files (x86)\Reference Assemblies\Microsoft\Framework\.NETFramework\v4.0\System.dll" /FU"C:\Program Files (x86)\Reference Assemblies\Microsoft\Framework\.NETFramework\v4.0\System.Xml.dll" /analyze- /errorReport:prompt AGSMultiplayer.cpp /clr:nostdlib 
         AGSMultiplayer.cpp
         All outputs are up-to-date.
       ResourceCompile:
         All outputs are up-to-date.
       Link:
         c:\Program Files (x86)\Microsoft Visual Studio 10.0\VC\bin\link.exe /ERRORREPORT:PROMPT /OUT:"C:\Users\lado\documents\visual studio 2010\Projects\AGSMultiplayer\Debug\AGSMultiplayer.dll" /INCREMENTAL:NO /NOLOGO /LIBPATH:"C:\Users\lado\Documents\Visual Studio 2010\SFML-2.0\lib\\" "sfml-network-s-d.lib" "sfml-system-s-d.lib" /MANIFEST /ManifestFile:"Debug\AGSMultiplayer.dll.intermediate.manifest" /MANIFESTUAC:"level='asInvoker' uiAccess='false'" /DEBUG /PDB:"C:\Users\lado\documents\visual studio 2010\Projects\AGSMultiplayer\Debug\AGSMultiplayer.pdb" /ASSEMBLYDEBUG /TLBID:1 /DYNAMICBASE /FIXED:NO /NXCOMPAT /IMPLIB:"sfml-network-d.lib" /MACHINE:X86 /DLL Debug\app.res
         Debug\AGSMultiplayer.obj
         Debug\AssemblyInfo.obj
         Debug\Stdafx.obj
         "Debug\.NETFramework,Version=v4.0.AssemblyAttributes.obj"
            Creating library sfml-network-d.lib and object sfml-network-d.exp
     1>AGSMultiplayer.obj : error LNK2020: unresolved token (06000001) AGSMultiplayer.AGSMultiplayer::SendData
     1>AGSMultiplayer.obj : error LNK2020: unresolved token (06000002) AGSMultiplayer.AGSMultiplayer::ReceiveData
     1>AGSMultiplayer.obj : error LNK2020: unresolved token (06000003) AGSMultiplayer.AGSMultiplayer::getFriendIP
     1>AGSMultiplayer.obj : error LNK2020: unresolved token (06000004) AGSMultiplayer.AGSMultiplayer::setFriendIP
     1>C:\Users\lado\documents\visual studio 2010\Projects\AGSMultiplayer\Debug\AGSMultiplayer.dll : fatal error LNK1120: 4 unresolved externals
     1>Done Building Project "C:\Users\lado\documents\visual studio 2010\Projects\AGSMultiplayer\AGSMultiplayer\AGSMultiplayer.vcxproj" (build target(s)) -- FAILED.

Build FAILED.

Time Elapsed 00:00:01.56
