Build started 7/15/2013 4:39:21 PM.
     1>Project "C:\Users\lado\documents\visual studio 2010\Projects\AGSMultiplayer\AGSMultiplayer\AGSMultiplayer.vcxproj" on node 2 (build target(s)).
     1>InitializeBuildStatus:
         Creating "Release\AGSMultiplayer.unsuccessfulbuild" because "AlwaysCreate" was specified.
       GenerateTargetFrameworkMonikerAttribute:
       Skipping target "GenerateTargetFrameworkMonikerAttribute" because all output files are up-to-date with respect to the input files.
       ClCompile:
         c:\Program Files (x86)\Microsoft Visual Studio 10.0\VC\bin\CL.exe /c /I"C:\Users\lado\Documents\Visual Studio 2010\SFML-2.0\include\\" /AI"C:\Program Files (x86)\Reference Assemblies\Microsoft\Framework\.NETFramework\v4.0" /Zi /clr /nologo /W3 /WX- /O2 /Oy- /D WIN32 /D NDEBUG /D _WINDLL /D _MBCS /EHa /MD /GS /fp:precise /Zc:wchar_t /Zc:forScope /Yc"StdAfx.h" /Fp"Release\AGSMultiplayer.pch" /Fo"Release\\" /Fd"Release\vc100.pdb" /TP /FU"C:\Program Files (x86)\Reference Assemblies\Microsoft\Framework\.NETFramework\v4.0\System.Core.dll" /FU"C:\Program Files (x86)\Reference Assemblies\Microsoft\Framework\.NETFramework\v4.0\System.Data.dll" /FU"C:\Program Files (x86)\Reference Assemblies\Microsoft\Framework\.NETFramework\v4.0\System.dll" /FU"C:\Program Files (x86)\Reference Assemblies\Microsoft\Framework\.NETFramework\v4.0\System.Xml.dll" /analyze- /errorReport:prompt Stdafx.cpp /clr:nostdlib 
         Stdafx.cpp
         c:\Program Files (x86)\Microsoft Visual Studio 10.0\VC\bin\CL.exe /c /I"C:\Users\lado\Documents\Visual Studio 2010\SFML-2.0\include\\" /AI"C:\Program Files (x86)\Reference Assemblies\Microsoft\Framework\.NETFramework\v4.0" /Zi /clr /nologo /W3 /WX- /O2 /Oy- /D WIN32 /D NDEBUG /D _WINDLL /D _MBCS /EHa /MD /GS /fp:precise /Zc:wchar_t /Zc:forScope /Yu"StdAfx.h" /Fp"Release\AGSMultiplayer.pch" /Fo"Release\\" /Fd"Release\vc100.pdb" /TP /FU"C:\Program Files (x86)\Reference Assemblies\Microsoft\Framework\.NETFramework\v4.0\System.Core.dll" /FU"C:\Program Files (x86)\Reference Assemblies\Microsoft\Framework\.NETFramework\v4.0\System.Data.dll" /FU"C:\Program Files (x86)\Reference Assemblies\Microsoft\Framework\.NETFramework\v4.0\System.dll" /FU"C:\Program Files (x86)\Reference Assemblies\Microsoft\Framework\.NETFramework\v4.0\System.Xml.dll" /analyze- /errorReport:prompt AGSMultiplayer.cpp AssemblyInfo.cpp /clr:nostdlib 
         AGSMultiplayer.cpp
         AssemblyInfo.cpp
         Generating Code...
         c:\Program Files (x86)\Microsoft Visual Studio 10.0\VC\bin\CL.exe /c /I"C:\Users\lado\Documents\Visual Studio 2010\SFML-2.0\include\\" /Zi /clr /nologo /W3 /WX- /O2 /Oy- /D WIN32 /D NDEBUG /D _WINDLL /D _MBCS /EHa /MD /GS /fp:precise /Zc:wchar_t /Zc:forScope /Fo"Release\\" /Fd"Release\vc100.pdb" /TP /analyze- /errorReport:prompt "C:\Users\lado\AppData\Local\Temp\.NETFramework,Version=v4.0.AssemblyAttributes.cpp"
         .NETFramework,Version=v4.0.AssemblyAttributes.cpp
       ResourceCompile:
         C:\Program Files (x86)\Microsoft SDKs\Windows\v7.0A\bin\rc.exe /l"0x0409" /nologo /fo"Release\app.res" app.rc 
       Link:
         c:\Program Files (x86)\Microsoft Visual Studio 10.0\VC\bin\link.exe /ERRORREPORT:PROMPT /OUT:"C:\Users\lado\documents\visual studio 2010\Projects\AGSMultiplayer\Release\AGSMultiplayer.dll" /INCREMENTAL:NO /NOLOGO /LIBPATH:"C:\Users\lado\Documents\Visual Studio 2010\SFML-2.0\lib\\" "sfml-network-s.lib" "sfml-system-s.lib" /MANIFEST /ManifestFile:"Release\AGSMultiplayer.dll.intermediate.manifest" /MANIFESTUAC:"level='asInvoker' uiAccess='false'" /DEBUG /PDB:"C:\Users\lado\documents\visual studio 2010\Projects\AGSMultiplayer\Release\AGSMultiplayer.pdb" /TLBID:1 /DYNAMICBASE /FIXED:NO /NXCOMPAT /IMPLIB:"sfml-network.lib" /MACHINE:X86 /DLL Release\app.res
         Release\AGSMultiplayer.obj
         Release\AssemblyInfo.obj
         Release\Stdafx.obj
         "Release\.NETFramework,Version=v4.0.AssemblyAttributes.obj"
            Creating library sfml-network.lib and object sfml-network.exp
     1>AGSMultiplayer.obj : warning LNK4049: locally defined symbol ?None@IpAddress@sf@@2V12@B (public: static class sf::IpAddress const sf::IpAddress::None) imported
     1>AGSMultiplayer.obj : warning LNK4049: locally defined symbol ?LocalHost@IpAddress@sf@@2V12@B (public: static class sf::IpAddress const sf::IpAddress::LocalHost) imported
     1>AGSMultiplayer.obj : warning LNK4049: locally defined symbol ?Zero@Time@sf@@2V12@B (public: static class sf::Time const sf::Time::Zero) imported
         AGSMultiplayer.vcxproj -> C:\Users\lado\documents\visual studio 2010\Projects\AGSMultiplayer\Release\AGSMultiplayer.dll
       Manifest:
         C:\Program Files (x86)\Microsoft SDKs\Windows\v7.0A\bin\mt.exe /nologo /verbose /outputresource:"C:\Users\lado\documents\visual studio 2010\Projects\AGSMultiplayer\Release\AGSMultiplayer.dll;#2" /manifest Release\AGSMultiplayer.dll.intermediate.manifest
       FinalizeBuildStatus:
         Deleting file "Release\AGSMultiplayer.unsuccessfulbuild".
         Touching "Release\AGSMultiplayer.lastbuildstate".
     1>Done Building Project "C:\Users\lado\documents\visual studio 2010\Projects\AGSMultiplayer\AGSMultiplayer\AGSMultiplayer.vcxproj" (build target(s)).

Build succeeded.

Time Elapsed 00:00:03.10
